c:\users\sebas\masterfrozenpursuit\group-1\x64\release\room.obj
c:\users\sebas\masterfrozenpursuit\group-1\x64\release\projectile.obj
c:\users\sebas\masterfrozenpursuit\group-1\x64\release\player.obj
c:\users\sebas\masterfrozenpursuit\group-1\x64\release\objectmanager.obj
c:\users\sebas\masterfrozenpursuit\group-1\x64\release\object.obj
c:\users\sebas\masterfrozenpursuit\group-1\x64\release\main.obj
c:\users\sebas\masterfrozenpursuit\group-1\x64\release\item.obj
c:\users\sebas\masterfrozenpursuit\group-1\x64\release\icebear.obj
c:\users\sebas\masterfrozenpursuit\group-1\x64\release\icebat.obj
c:\users\sebas\masterfrozenpursuit\group-1\x64\release\hud.obj
c:\users\sebas\masterfrozenpursuit\group-1\x64\release\graphgen.obj
c:\users\sebas\masterfrozenpursuit\group-1\x64\release\game.obj
c:\users\sebas\masterfrozenpursuit\group-1\x64\release\enemy.obj
c:\users\sebas\masterfrozenpursuit\group-1\x64\release\common.obj
c:\users\sebas\masterfrozenpursuit\group-1\x64\release\attack.obj
c:\users\sebas\masterfrozenpursuit\group-1\x64\release\vc143.pdb
c:\users\sebas\masterfrozenpursuit\group-1\x64\release\my game.res
c:\users\sebas\masterfrozenpursuit\group-1\x64\release\game.iobj
c:\users\sebas\masterfrozenpursuit\group-1\x64\release\game.pdb
c:\users\sebas\masterfrozenpursuit\group-1\x64\release\my game.vcxproj.filelistabsolute.txt
c:\users\sebas\masterfrozenpursuit\group-1\x64\release\my game.tlog\cl.command.1.tlog
c:\users\sebas\masterfrozenpursuit\group-1\x64\release\my game.tlog\cl.items.tlog
c:\users\sebas\masterfrozenpursuit\group-1\x64\release\my game.tlog\cl.read.1.tlog
c:\users\sebas\masterfrozenpursuit\group-1\x64\release\my game.tlog\cl.write.1.tlog
c:\users\sebas\masterfrozenpursuit\group-1\x64\release\my game.tlog\link.command.1.tlog
c:\users\sebas\masterfrozenpursuit\group-1\x64\release\my game.tlog\link.read.1.tlog
c:\users\sebas\masterfrozenpursuit\group-1\x64\release\my game.tlog\link.secondary.1.tlog
c:\users\sebas\masterfrozenpursuit\group-1\x64\release\my game.tlog\link.write.1.tlog
c:\users\sebas\masterfrozenpursuit\group-1\x64\release\my game.tlog\rc.command.1.tlog
c:\users\sebas\masterfrozenpursuit\group-1\x64\release\my game.tlog\rc.read.1.tlog
c:\users\sebas\masterfrozenpursuit\group-1\x64\release\my game.tlog\rc.write.1.tlog
