  Attack.cpp
  Enemy.cpp
  Game.cpp
C:\Users\Douglas\Documents\GitHub\group-1\My Game\Game.cpp(368,88): warning C4244: 'argument': conversion from 'int' to 'float', possible loss of data
C:\Users\Douglas\Documents\GitHub\group-1\My Game\Game.cpp(369,81): warning C4244: 'argument': conversion from 'int' to 'float', possible loss of data
C:\Users\Douglas\Documents\GitHub\group-1\My Game\Game.cpp(370,80): warning C4244: 'argument': conversion from 'int' to 'float', possible loss of data
C:\Users\Douglas\Documents\GitHub\group-1\My Game\Game.cpp(371,74): warning C4244: 'argument': conversion from 'int' to 'float', possible loss of data
C:\Users\Douglas\Documents\GitHub\group-1\My Game\Game.cpp(379,83): warning C4244: 'argument': conversion from '_Rep' to 'unsigned int', possible loss of data
C:\Users\Douglas\Documents\GitHub\group-1\My Game\Game.cpp(379,83): warning C4244:         with
C:\Users\Douglas\Documents\GitHub\group-1\My Game\Game.cpp(379,83): warning C4244:         [
C:\Users\Douglas\Documents\GitHub\group-1\My Game\Game.cpp(379,83): warning C4244:             _Rep=std::chrono::system_clock::rep
C:\Users\Douglas\Documents\GitHub\group-1\My Game\Game.cpp(379,83): warning C4244:         ]
C:\Users\Douglas\Documents\GitHub\group-1\My Game\Game.cpp(412,83): warning C4244: 'argument': conversion from '_Rep' to 'unsigned int', possible loss of data
C:\Users\Douglas\Documents\GitHub\group-1\My Game\Game.cpp(412,83): warning C4244:         with
C:\Users\Douglas\Documents\GitHub\group-1\My Game\Game.cpp(412,83): warning C4244:         [
C:\Users\Douglas\Documents\GitHub\group-1\My Game\Game.cpp(412,83): warning C4244:             _Rep=std::chrono::system_clock::rep
C:\Users\Douglas\Documents\GitHub\group-1\My Game\Game.cpp(412,83): warning C4244:         ]
  GraphGen.cpp
C:\Users\Douglas\Documents\GitHub\group-1\My Game\GraphGen.cpp(27,20): warning C4267: 'return': conversion from 'size_t' to 'int', possible loss of data
  HUD.cpp
  Item.cpp
  Main.cpp
  Object.cpp
  ObjectManager.cpp
  Player.cpp
  Room.cpp
C:\Users\Douglas\Documents\GitHub\group-1\My Game\Room.cpp(152,60): warning C4244: 'argument': conversion from 'int' to 'float', possible loss of data
C:\Users\Douglas\Documents\GitHub\group-1\My Game\Room.cpp(155,48): warning C4244: 'argument': conversion from 'int' to 'float', possible loss of data
  Generating Code...
  My Game.vcxproj -> C:\Users\Douglas\Documents\GitHub\group-1\x64\Debug\Game.exe
