Starting wWinMain
Initialize begin
Renderer allocation
Renderer initialize begin
Renderer initialize end
LoadImages begin
LoadImages end
ObjectManager create
LoadSounds begin
LoadSounds end
BeginGame
Initialize complete
Initialize end
Release begin
Release end
Shutdown
Starting wWinMain
Initialize begin
Renderer allocation
Renderer initialize begin
Renderer initialize end
LoadImages begin
LoadImages end
ObjectManager create
LoadSounds begin
LoadSounds end
BeginGame
Initialize complete
Initialize end
Release begin
Release end
Shutdown
